<?xml version="1.0" encoding="UTF-8" ?>
<testsuites>
 <testsuite name="read_text_script" package="demo.suite" timestamp="2023-12-06 17:40:11.959 +0530"
 tests="1"  failures="1" errors="1" time="23.619000">
  <properties>
   <property name="RunDate" value="2023-12-06 17:40:11.959 +0530"/>
   <property name="Status" value="Failure"/>
  </properties>
  <testcase name="read_text.script" assertions="1" status="error"  time="23.602">
    <failure type="FAILURE" message="Image Not Found: click Error - No Image Found On Screen: &quot;Text_verify_newImage&quot; -- Execution Time 0:00:23 read_text.script" />
    <error type="Exception" message="No Image Found On Screen: &quot;Text_verify_newImage&quot;" />
  </testcase>
 </testsuite>
</testsuites>
