<?xml version="1.0" encoding="UTF-8" ?>
<testsuites>
 <testsuite name="practice_script" package="demo.suite" timestamp="2023-12-05 16:13:43.167 +0530"
 tests="1"  failures="1" errors="1" time="1.790000">
  <properties>
   <property name="RunDate" value="2023-12-05 16:13:43.167 +0530"/>
   <property name="Status" value="Failure"/>
  </properties>
  <testcase name="practice.script" assertions="1" status="error"  time="1.77">
    <failure type="FAILURE" message="File Not Found: click Error - Could Not Open Image: QgooglecomPressITabItosearchGo -- Execution Time 0:00:01 practice.script" />
    <error type="Exception" message="Could Not Open Image: QgooglecomPressITabItosearchGo" />
  </testcase>
 </testsuite>
</testsuites>
